<?xml version="1.0" encoding="UTF-8"?>
<!-- Generated by org.testng.reporters.JUnitReportReporter -->
<testsuite hostname="DESKTOP-LR6SHG7" failures="0" tests="1" name="com.javacodegeeks.testng.maven.TestNgMavenExample" time="0.015" errors="0" timestamp="2022-10-02T22:32:21 EDT" skipped="0">
  <testcase classname="com.javacodegeeks.testng.maven.TestNgMavenExample" name="exampleOfTestNgMaven" time="0.015"/>
  <system-out/>
</testsuite> <!-- com.javacodegeeks.testng.maven.TestNgMavenExample -->
